---------------------------------------------------------------
[ 2017-12-04T17:15:30+08:00 ] 192.168.0.119 192.168.0.115 POST /?s=api/identity/check_identity
[ info ] 192.168.0.119/?s=api/identity/check_identity [运行时间：0.493582s][吞吐率：2.03req/s] [内存消耗：3,453.60kb] [文件加载：56]
[ info ] [ LANG ] /Users/mr_z/work/哆啦A/dla/dla/thinkphp/lang/zh-cn.php
[ info ] [ ROUTE ] array (
  'type' => 'module',
  'module' => 
  array (
    0 => 'api',
    1 => 'identity',
    2 => 'check_identity',
  ),
)
[ info ] [ HEADER ] array (
  'host' => '192.168.0.119',
  'user-agent' => '1.2.56 (iPhone; iOS 11.1.2; zh_CN)',
  'content-type' => 'application/x-www-form-urlencoded; charset=utf-8',
  'content-length' => '234',
  'accept-encoding' => 'gzip',
  'connection' => 'close',
)
[ info ] [ PARAM ] array (
  'number' => '352228199604260517',
  'phone' => '18649738701',
  'name' => '张良钦',
  'token' => '665ac7c408058b55b2fde9c2ff66a298',
  'address' => '福建省屏南县双溪镇北村67号',
)
[ info ] [ DB ] INIT mysql
[ info ] [ RUN ] app\api\controller\Identity->check_identity[ /Users/mr_z/work/哆啦A/dla/dla/application/api/controller/Identity.php ]
[ info ] [ LOG ] INIT File
---------------------------------------------------------------
[ 2017-12-04T17:19:39+08:00 ] 192.168.0.119 192.168.0.115 GET /?s=./public/uploads/temporary/9f462f3c5bb513ecbc57c6a139009e4a.jpeg
[ info ] 192.168.0.119/?s=./public/uploads/temporary/9f462f3c5bb513ecbc57c6a139009e4a.jpeg [运行时间：0.488951s][吞吐率：2.05req/s] [内存消耗：1,687.40kb] [文件加载：40]
[ info ] [ LANG ] /Users/mr_z/work/哆啦A/dla/dla/thinkphp/lang/zh-cn.php
[ info ] [ ROUTE ] array (
  'type' => 'module',
  'module' => 
  array (
    0 => '.',
    1 => 'public',
    2 => 'uploads',
  ),
)
[ info ] [ HEADER ] array (
  'host' => '192.168.0.119',
  'accept' => 'image/png,image/svg+xml,image/*;q=0.8,*/*;q=0.5',
  'accept-language' => 'zh-cn',
  'connection' => 'keep-alive',
  'accept-encoding' => 'gzip, deflate',
  'user-agent' => 'Mozilla/5.0 (iPhone; CPU iPhone OS 11_1_2 like Mac OS X) AppleWebKit/604.3.5 (KHTML, like Gecko) Mobile/15B202',
)
[ info ] [ PARAM ] array (
  'temporary' => '9f462f3c5bb513ecbc57c6a139009e4a.jpeg',
)
[ info ] [ LOG ] INIT File
---------------------------------------------------------------
[ 2017-12-04T17:20:04+08:00 ] 192.168.0.119 192.168.0.115 GET /?s=./public/uploads/temporary/9f462f3c5bb513ecbc57c6a139009e4a.jpeg
[ info ] 192.168.0.119/?s=./public/uploads/temporary/9f462f3c5bb513ecbc57c6a139009e4a.jpeg [运行时间：0.469193s][吞吐率：2.13req/s] [内存消耗：1,687.40kb] [文件加载：40]
[ info ] [ LANG ] /Users/mr_z/work/哆啦A/dla/dla/thinkphp/lang/zh-cn.php
[ info ] [ ROUTE ] array (
  'type' => 'module',
  'module' => 
  array (
    0 => '.',
    1 => 'public',
    2 => 'uploads',
  ),
)
[ info ] [ HEADER ] array (
  'host' => '192.168.0.119',
  'accept' => 'image/png,image/svg+xml,image/*;q=0.8,*/*;q=0.5',
  'accept-language' => 'zh-cn',
  'connection' => 'keep-alive',
  'accept-encoding' => 'gzip, deflate',
  'user-agent' => 'Mozilla/5.0 (iPhone; CPU iPhone OS 11_1_2 like Mac OS X) AppleWebKit/604.3.5 (KHTML, like Gecko) Mobile/15B202',
)
[ info ] [ PARAM ] array (
  'temporary' => '9f462f3c5bb513ecbc57c6a139009e4a.jpeg',
)
[ info ] [ LOG ] INIT File
---------------------------------------------------------------
[ 2017-12-04T17:20:28+08:00 ] 192.168.0.119 192.168.0.115 GET /?s=./public/uploads/temporary/9f462f3c5bb513ecbc57c6a139009e4a.jpeg
[ info ] 192.168.0.119/?s=./public/uploads/temporary/9f462f3c5bb513ecbc57c6a139009e4a.jpeg [运行时间：0.437890s][吞吐率：2.28req/s] [内存消耗：1,687.40kb] [文件加载：40]
[ info ] [ LANG ] /Users/mr_z/work/哆啦A/dla/dla/thinkphp/lang/zh-cn.php
[ info ] [ ROUTE ] array (
  'type' => 'module',
  'module' => 
  array (
    0 => '.',
    1 => 'public',
    2 => 'uploads',
  ),
)
[ info ] [ HEADER ] array (
  'host' => '192.168.0.119',
  'accept' => 'image/png,image/svg+xml,image/*;q=0.8,*/*;q=0.5',
  'accept-language' => 'zh-cn',
  'connection' => 'keep-alive',
  'accept-encoding' => 'gzip, deflate',
  'user-agent' => 'Mozilla/5.0 (iPhone; CPU iPhone OS 11_1_2 like Mac OS X) AppleWebKit/604.3.5 (KHTML, like Gecko) Mobile/15B202',
)
[ info ] [ PARAM ] array (
  'temporary' => '9f462f3c5bb513ecbc57c6a139009e4a.jpeg',
)
[ info ] [ LOG ] INIT File
---------------------------------------------------------------
[ 2017-12-04T17:20:43+08:00 ] 192.168.0.119 192.168.0.115 GET /?s=./public/uploads/temporary/9f462f3c5bb513ecbc57c6a139009e4a.jpeg
[ info ] 192.168.0.119/?s=./public/uploads/temporary/9f462f3c5bb513ecbc57c6a139009e4a.jpeg [运行时间：0.441083s][吞吐率：2.27req/s] [内存消耗：1,687.40kb] [文件加载：40]
[ info ] [ LANG ] /Users/mr_z/work/哆啦A/dla/dla/thinkphp/lang/zh-cn.php
[ info ] [ ROUTE ] array (
  'type' => 'module',
  'module' => 
  array (
    0 => '.',
    1 => 'public',
    2 => 'uploads',
  ),
)
[ info ] [ HEADER ] array (
  'host' => '192.168.0.119',
  'accept' => 'image/png,image/svg+xml,image/*;q=0.8,*/*;q=0.5',
  'accept-language' => 'zh-cn',
  'connection' => 'keep-alive',
  'accept-encoding' => 'gzip, deflate',
  'user-agent' => 'Mozilla/5.0 (iPhone; CPU iPhone OS 11_1_2 like Mac OS X) AppleWebKit/604.3.5 (KHTML, like Gecko) Mobile/15B202',
)
[ info ] [ PARAM ] array (
  'temporary' => '9f462f3c5bb513ecbc57c6a139009e4a.jpeg',
)
[ info ] [ LOG ] INIT File
---------------------------------------------------------------
[ 2017-12-04T17:21:57+08:00 ] 192.168.0.119 192.168.0.115 GET /?s=./public/uploads/temporary/9f462f3c5bb513ecbc57c6a139009e4a.jpeg
[ info ] 192.168.0.119/?s=./public/uploads/temporary/9f462f3c5bb513ecbc57c6a139009e4a.jpeg [运行时间：0.479949s][吞吐率：2.08req/s] [内存消耗：1,687.40kb] [文件加载：40]
[ info ] [ LANG ] /Users/mr_z/work/哆啦A/dla/dla/thinkphp/lang/zh-cn.php
[ info ] [ ROUTE ] array (
  'type' => 'module',
  'module' => 
  array (
    0 => '.',
    1 => 'public',
    2 => 'uploads',
  ),
)
[ info ] [ HEADER ] array (
  'host' => '192.168.0.119',
  'accept' => 'image/png,image/svg+xml,image/*;q=0.8,*/*;q=0.5',
  'accept-language' => 'zh-cn',
  'connection' => 'keep-alive',
  'accept-encoding' => 'gzip, deflate',
  'user-agent' => 'Mozilla/5.0 (iPhone; CPU iPhone OS 11_1_2 like Mac OS X) AppleWebKit/604.3.5 (KHTML, like Gecko) Mobile/15B202',
)
[ info ] [ PARAM ] array (
  'temporary' => '9f462f3c5bb513ecbc57c6a139009e4a.jpeg',
)
[ info ] [ LOG ] INIT File
---------------------------------------------------------------
[ 2017-12-04T17:22:07+08:00 ] 192.168.0.119 192.168.0.115 GET /?s=./public/uploads/temporary/9f462f3c5bb513ecbc57c6a139009e4a.jpeg
[ info ] 192.168.0.119/?s=./public/uploads/temporary/9f462f3c5bb513ecbc57c6a139009e4a.jpeg [运行时间：0.437139s][吞吐率：2.29req/s] [内存消耗：1,687.40kb] [文件加载：40]
[ info ] [ LANG ] /Users/mr_z/work/哆啦A/dla/dla/thinkphp/lang/zh-cn.php
[ info ] [ ROUTE ] array (
  'type' => 'module',
  'module' => 
  array (
    0 => '.',
    1 => 'public',
    2 => 'uploads',
  ),
)
[ info ] [ HEADER ] array (
  'host' => '192.168.0.119',
  'accept' => 'image/png,image/svg+xml,image/*;q=0.8,*/*;q=0.5',
  'accept-language' => 'zh-cn',
  'connection' => 'keep-alive',
  'accept-encoding' => 'gzip, deflate',
  'user-agent' => 'Mozilla/5.0 (iPhone; CPU iPhone OS 11_1_2 like Mac OS X) AppleWebKit/604.3.5 (KHTML, like Gecko) Mobile/15B202',
)
[ info ] [ PARAM ] array (
  'temporary' => '9f462f3c5bb513ecbc57c6a139009e4a.jpeg',
)
[ info ] [ LOG ] INIT File
---------------------------------------------------------------
[ 2017-12-04T17:25:29+08:00 ] 192.168.0.119 192.168.0.115 GET /?s=api/bankcard?card_type=CREDIT&token=665ac7c408058b55b2fde9c2ff66a298&phone=18649738701
[ info ] 192.168.0.119/?s=api/bankcard?card_type=CREDIT&token=665ac7c408058b55b2fde9c2ff66a298&phone=18649738701 [运行时间：0.431068s][吞吐率：2.32req/s] [内存消耗：3,502.90kb] [文件加载：56]
[ info ] [ LANG ] /Users/mr_z/work/哆啦A/dla/dla/thinkphp/lang/zh-cn.php
[ info ] [ ROUTE ] array (
  'type' => 'module',
  'module' => 
  array (
    0 => 'api',
    1 => 'bankcard',
    2 => NULL,
  ),
)
[ info ] [ HEADER ] array (
  'host' => '192.168.0.119',
  'user-agent' => '1.2.56 (iPhone; iOS 11.1.2; zh_CN)',
  'connection' => 'keep-alive',
  'accept-encoding' => 'gzip',
)
[ info ] [ PARAM ] array (
  'token' => '665ac7c408058b55b2fde9c2ff66a298',
  'phone' => '18649738701',
)
[ info ] [ DB ] INIT mysql
[ info ] [ RUN ] app\api\controller\Bankcard->index[ /Users/mr_z/work/哆啦A/dla/dla/application/api/controller/Bankcard.php ]
[ info ] [ LOG ] INIT File
---------------------------------------------------------------
[ 2017-12-04T17:25:32+08:00 ] 192.168.0.119 192.168.0.115 GET /?s=api/bankcard?card_type=DEBIT&token=665ac7c408058b55b2fde9c2ff66a298&phone=18649738701
[ info ] 192.168.0.119/?s=api/bankcard?card_type=DEBIT&token=665ac7c408058b55b2fde9c2ff66a298&phone=18649738701 [运行时间：0.275077s][吞吐率：3.64req/s] [内存消耗：3,502.90kb] [文件加载：56]
[ info ] [ LANG ] /Users/mr_z/work/哆啦A/dla/dla/thinkphp/lang/zh-cn.php
[ info ] [ ROUTE ] array (
  'type' => 'module',
  'module' => 
  array (
    0 => 'api',
    1 => 'bankcard',
    2 => NULL,
  ),
)
[ info ] [ HEADER ] array (
  'host' => '192.168.0.119',
  'user-agent' => '1.2.56 (iPhone; iOS 11.1.2; zh_CN)',
  'connection' => 'keep-alive',
  'accept-encoding' => 'gzip',
)
[ info ] [ PARAM ] array (
  'token' => '665ac7c408058b55b2fde9c2ff66a298',
  'phone' => '18649738701',
)
[ info ] [ DB ] INIT mysql
[ info ] [ RUN ] app\api\controller\Bankcard->index[ /Users/mr_z/work/哆啦A/dla/dla/application/api/controller/Bankcard.php ]
[ info ] [ LOG ] INIT File
---------------------------------------------------------------
[ 2017-12-04T17:25:35+08:00 ] 192.168.0.119 192.168.0.115 GET /?s=api/bankcard?card_type=CREDIT&token=665ac7c408058b55b2fde9c2ff66a298&phone=18649738701
[ info ] 192.168.0.119/?s=api/bankcard?card_type=CREDIT&token=665ac7c408058b55b2fde9c2ff66a298&phone=18649738701 [运行时间：0.282053s][吞吐率：3.55req/s] [内存消耗：3,502.90kb] [文件加载：56]
[ info ] [ LANG ] /Users/mr_z/work/哆啦A/dla/dla/thinkphp/lang/zh-cn.php
[ info ] [ ROUTE ] array (
  'type' => 'module',
  'module' => 
  array (
    0 => 'api',
    1 => 'bankcard',
    2 => NULL,
  ),
)
[ info ] [ HEADER ] array (
  'host' => '192.168.0.119',
  'user-agent' => '1.2.56 (iPhone; iOS 11.1.2; zh_CN)',
  'connection' => 'keep-alive',
  'accept-encoding' => 'gzip',
)
[ info ] [ PARAM ] array (
  'token' => '665ac7c408058b55b2fde9c2ff66a298',
  'phone' => '18649738701',
)
[ info ] [ DB ] INIT mysql
[ info ] [ RUN ] app\api\controller\Bankcard->index[ /Users/mr_z/work/哆啦A/dla/dla/application/api/controller/Bankcard.php ]
[ info ] [ LOG ] INIT File
---------------------------------------------------------------
[ 2017-12-04T17:25:40+08:00 ] 192.168.0.119 192.168.0.115 GET /?s=./public/uploads/temporary/9f462f3c5bb513ecbc57c6a139009e4a.jpeg
[ info ] 192.168.0.119/?s=./public/uploads/temporary/9f462f3c5bb513ecbc57c6a139009e4a.jpeg [运行时间：0.440653s][吞吐率：2.27req/s] [内存消耗：1,687.40kb] [文件加载：40]
[ info ] [ LANG ] /Users/mr_z/work/哆啦A/dla/dla/thinkphp/lang/zh-cn.php
[ info ] [ ROUTE ] array (
  'type' => 'module',
  'module' => 
  array (
    0 => '.',
    1 => 'public',
    2 => 'uploads',
  ),
)
[ info ] [ HEADER ] array (
  'host' => '192.168.0.119',
  'accept' => 'image/png,image/svg+xml,image/*;q=0.8,*/*;q=0.5',
  'accept-language' => 'zh-cn',
  'connection' => 'keep-alive',
  'accept-encoding' => 'gzip, deflate',
  'user-agent' => 'Mozilla/5.0 (iPhone; CPU iPhone OS 11_1_2 like Mac OS X) AppleWebKit/604.3.5 (KHTML, like Gecko) Mobile/15B202',
)
[ info ] [ PARAM ] array (
  'temporary' => '9f462f3c5bb513ecbc57c6a139009e4a.jpeg',
)
[ info ] [ LOG ] INIT File
---------------------------------------------------------------
[ 2017-12-04T17:25:41+08:00 ] 192.168.0.119 192.168.0.115 GET /?s=api/bankcard?card_type=DEBIT&token=665ac7c408058b55b2fde9c2ff66a298&phone=18649738701
[ info ] 192.168.0.119/?s=api/bankcard?card_type=DEBIT&token=665ac7c408058b55b2fde9c2ff66a298&phone=18649738701 [运行时间：0.277922s][吞吐率：3.60req/s] [内存消耗：3,502.90kb] [文件加载：56]
[ info ] [ LANG ] /Users/mr_z/work/哆啦A/dla/dla/thinkphp/lang/zh-cn.php
[ info ] [ ROUTE ] array (
  'type' => 'module',
  'module' => 
  array (
    0 => 'api',
    1 => 'bankcard',
    2 => NULL,
  ),
)
[ info ] [ HEADER ] array (
  'host' => '192.168.0.119',
  'user-agent' => '1.2.56 (iPhone; iOS 11.1.2; zh_CN)',
  'connection' => 'keep-alive',
  'accept-encoding' => 'gzip',
)
[ info ] [ PARAM ] array (
  'token' => '665ac7c408058b55b2fde9c2ff66a298',
  'phone' => '18649738701',
)
[ info ] [ DB ] INIT mysql
[ info ] [ RUN ] app\api\controller\Bankcard->index[ /Users/mr_z/work/哆啦A/dla/dla/application/api/controller/Bankcard.php ]
[ info ] [ LOG ] INIT File
---------------------------------------------------------------
[ 2017-12-04T17:25:44+08:00 ] 192.168.0.119 192.168.0.115 GET /?s=api/bankcard?card_type=CREDIT&token=665ac7c408058b55b2fde9c2ff66a298&phone=18649738701
[ info ] 192.168.0.119/?s=api/bankcard?card_type=CREDIT&token=665ac7c408058b55b2fde9c2ff66a298&phone=18649738701 [运行时间：0.277111s][吞吐率：3.61req/s] [内存消耗：3,502.90kb] [文件加载：56]
[ info ] [ LANG ] /Users/mr_z/work/哆啦A/dla/dla/thinkphp/lang/zh-cn.php
[ info ] [ ROUTE ] array (
  'type' => 'module',
  'module' => 
  array (
    0 => 'api',
    1 => 'bankcard',
    2 => NULL,
  ),
)
[ info ] [ HEADER ] array (
  'host' => '192.168.0.119',
  'user-agent' => '1.2.56 (iPhone; iOS 11.1.2; zh_CN)',
  'connection' => 'keep-alive',
  'accept-encoding' => 'gzip',
)
[ info ] [ PARAM ] array (
  'token' => '665ac7c408058b55b2fde9c2ff66a298',
  'phone' => '18649738701',
)
[ info ] [ DB ] INIT mysql
[ info ] [ RUN ] app\api\controller\Bankcard->index[ /Users/mr_z/work/哆啦A/dla/dla/application/api/controller/Bankcard.php ]
[ info ] [ LOG ] INIT File
---------------------------------------------------------------
[ 2017-12-04T17:26:20+08:00 ] 127.0.0.1 127.0.0.1 POST /?s=api/bankcard
[ info ] 127.0.0.1/?s=api/bankcard [运行时间：0.417358s][吞吐率：2.40req/s] [内存消耗：3,220.38kb] [文件加载：54]
[ info ] [ LANG ] /Users/mr_z/work/哆啦A/dla/dla/thinkphp/lang/zh-cn.php
[ info ] [ ROUTE ] array (
  'type' => 'module',
  'module' => 
  array (
    0 => 'api',
    1 => 'bankcard',
    2 => NULL,
  ),
)
[ info ] [ HEADER ] array (
  'host' => '127.0.0.1',
  'connection' => 'keep-alive',
  'content-length' => '41036',
  'user-agent' => 'Mozilla/5.0 (Macintosh; Intel Mac OS X 10_13_1) AppleWebKit/537.36 (KHTML, like Gecko) Chrome/62.0.3202.94 Safari/537.36',
  'cache-control' => 'no-cache',
  'origin' => 'chrome-extension://glllcdkbcifcidcmfgaabegmhcaicmle',
  'postman-token' => '94b8cb65-7450-61cb-7c5b-5515228ad872',
  'content-type' => 'multipart/form-data; boundary=----WebKitFormBoundaryBAFKemqWe2XCv1iu',
  'accept' => '*/*',
  'accept-encoding' => 'gzip, deflate, br',
  'accept-language' => 'zh-CN,zh;q=0.9,en;q=0.8',
)
[ info ] [ PARAM ] array (
  'phone' => '18649738701',
  'token' => '665ac7c408058b55b2fde9c2ff66a298',
)
[ info ] [ DB ] INIT mysql
[ info ] [ RUN ] app\api\controller\Bankcard->index[ /Users/mr_z/work/哆啦A/dla/dla/application/api/controller/Bankcard.php ]
[ info ] [ LOG ] INIT File
---------------------------------------------------------------
[ 2017-12-04T17:26:54+08:00 ] 127.0.0.1 127.0.0.1 POST /?s=api/bankcard&phone=18649738701&token=665ac7c408058b55b2fde9c2ff66a298
[ info ] 127.0.0.1/?s=api/bankcard&phone=18649738701&token=665ac7c408058b55b2fde9c2ff66a298 [运行时间：0.373664s][吞吐率：2.68req/s] [内存消耗：3,220.43kb] [文件加载：54]
[ info ] [ LANG ] /Users/mr_z/work/哆啦A/dla/dla/thinkphp/lang/zh-cn.php
[ info ] [ ROUTE ] array (
  'type' => 'module',
  'module' => 
  array (
    0 => 'api',
    1 => 'bankcard',
    2 => NULL,
  ),
)
[ info ] [ HEADER ] array (
  'host' => '127.0.0.1',
  'connection' => 'keep-alive',
  'content-length' => '271',
  'user-agent' => 'Mozilla/5.0 (Macintosh; Intel Mac OS X 10_13_1) AppleWebKit/537.36 (KHTML, like Gecko) Chrome/62.0.3202.94 Safari/537.36',
  'cache-control' => 'no-cache',
  'origin' => 'chrome-extension://glllcdkbcifcidcmfgaabegmhcaicmle',
  'postman-token' => 'fcc9d36b-c7f9-d7ad-5128-cfcad6df0007',
  'content-type' => 'multipart/form-data; boundary=----WebKitFormBoundaryRvvgdpmbB0XPcOjo',
  'accept' => '*/*',
  'accept-encoding' => 'gzip, deflate, br',
  'accept-language' => 'zh-CN,zh;q=0.9,en;q=0.8',
)
[ info ] [ PARAM ] array (
  'phone' => '18649738701',
  'token' => '665ac7c408058b55b2fde9c2ff66a298',
)
[ info ] [ DB ] INIT mysql
[ info ] [ RUN ] app\api\controller\Bankcard->index[ /Users/mr_z/work/哆啦A/dla/dla/application/api/controller/Bankcard.php ]
[ info ] [ LOG ] INIT File
---------------------------------------------------------------
[ 2017-12-04T17:26:58+08:00 ] 127.0.0.1 127.0.0.1 GET /?s=api/bankcard&phone=18649738701&token=665ac7c408058b55b2fde9c2ff66a298
[ info ] 127.0.0.1/?s=api/bankcard&phone=18649738701&token=665ac7c408058b55b2fde9c2ff66a298 [运行时间：0.333020s][吞吐率：3.00req/s] [内存消耗：3,504.09kb] [文件加载：56]
[ info ] [ LANG ] /Users/mr_z/work/哆啦A/dla/dla/thinkphp/lang/zh-cn.php
[ info ] [ ROUTE ] array (
  'type' => 'module',
  'module' => 
  array (
    0 => 'api',
    1 => 'bankcard',
    2 => NULL,
  ),
)
[ info ] [ HEADER ] array (
  'host' => '127.0.0.1',
  'connection' => 'keep-alive',
  'cache-control' => 'no-cache',
  'user-agent' => 'Mozilla/5.0 (Macintosh; Intel Mac OS X 10_13_1) AppleWebKit/537.36 (KHTML, like Gecko) Chrome/62.0.3202.94 Safari/537.36',
  'postman-token' => '956bfb7b-abe2-0a49-8ef3-37dabeac3628',
  'accept' => '*/*',
  'accept-encoding' => 'gzip, deflate, br',
  'accept-language' => 'zh-CN,zh;q=0.9,en;q=0.8',
)
[ info ] [ PARAM ] array (
  'phone' => '18649738701',
  'token' => '665ac7c408058b55b2fde9c2ff66a298',
)
[ info ] [ DB ] INIT mysql
[ info ] [ RUN ] app\api\controller\Bankcard->index[ /Users/mr_z/work/哆啦A/dla/dla/application/api/controller/Bankcard.php ]
[ info ] [ LOG ] INIT File
---------------------------------------------------------------
[ 2017-12-04T17:33:27+08:00 ] 192.168.0.119 192.168.0.115 GET /?s=./public/uploads/temporary/9f462f3c5bb513ecbc57c6a139009e4a.jpeg
[ info ] 192.168.0.119/?s=./public/uploads/temporary/9f462f3c5bb513ecbc57c6a139009e4a.jpeg [运行时间：0.484425s][吞吐率：2.06req/s] [内存消耗：1,687.40kb] [文件加载：40]
[ info ] [ LANG ] /Users/mr_z/work/哆啦A/dla/dla/thinkphp/lang/zh-cn.php
[ info ] [ ROUTE ] array (
  'type' => 'module',
  'module' => 
  array (
    0 => '.',
    1 => 'public',
    2 => 'uploads',
  ),
)
[ info ] [ HEADER ] array (
  'host' => '192.168.0.119',
  'accept' => 'image/png,image/svg+xml,image/*;q=0.8,*/*;q=0.5',
  'accept-language' => 'zh-cn',
  'connection' => 'keep-alive',
  'accept-encoding' => 'gzip, deflate',
  'user-agent' => 'Mozilla/5.0 (iPhone; CPU iPhone OS 11_1_2 like Mac OS X) AppleWebKit/604.3.5 (KHTML, like Gecko) Mobile/15B202',
)
[ info ] [ PARAM ] array (
  'temporary' => '9f462f3c5bb513ecbc57c6a139009e4a.jpeg',
)
[ info ] [ LOG ] INIT File
---------------------------------------------------------------
[ 2017-12-04T17:34:05+08:00 ] 192.168.0.119 192.168.0.115 GET /?s=api/bankcard?card_type=CREDIT&token=665ac7c408058b55b2fde9c2ff66a298&phone=18649738701
[ info ] 192.168.0.119/?s=api/bankcard?card_type=CREDIT&token=665ac7c408058b55b2fde9c2ff66a298&phone=18649738701 [运行时间：0.385162s][吞吐率：2.60req/s] [内存消耗：3,502.90kb] [文件加载：56]
[ info ] [ LANG ] /Users/mr_z/work/哆啦A/dla/dla/thinkphp/lang/zh-cn.php
[ info ] [ ROUTE ] array (
  'type' => 'module',
  'module' => 
  array (
    0 => 'api',
    1 => 'bankcard',
    2 => NULL,
  ),
)
[ info ] [ HEADER ] array (
  'host' => '192.168.0.119',
  'user-agent' => '1.2.56 (iPhone; iOS 11.1.2; zh_CN)',
  'connection' => 'keep-alive',
  'accept-encoding' => 'gzip',
)
[ info ] [ PARAM ] array (
  'token' => '665ac7c408058b55b2fde9c2ff66a298',
  'phone' => '18649738701',
)
[ info ] [ DB ] INIT mysql
[ info ] [ RUN ] app\api\controller\Bankcard->index[ /Users/mr_z/work/哆啦A/dla/dla/application/api/controller/Bankcard.php ]
[ info ] [ LOG ] INIT File
---------------------------------------------------------------
[ 2017-12-04T17:34:07+08:00 ] 192.168.0.119 192.168.0.115 GET /?s=api/bankcard?card_type=DEBIT&token=665ac7c408058b55b2fde9c2ff66a298&phone=18649738701
[ info ] 192.168.0.119/?s=api/bankcard?card_type=DEBIT&token=665ac7c408058b55b2fde9c2ff66a298&phone=18649738701 [运行时间：0.275442s][吞吐率：3.63req/s] [内存消耗：3,502.90kb] [文件加载：56]
[ info ] [ LANG ] /Users/mr_z/work/哆啦A/dla/dla/thinkphp/lang/zh-cn.php
[ info ] [ ROUTE ] array (
  'type' => 'module',
  'module' => 
  array (
    0 => 'api',
    1 => 'bankcard',
    2 => NULL,
  ),
)
[ info ] [ HEADER ] array (
  'host' => '192.168.0.119',
  'user-agent' => '1.2.56 (iPhone; iOS 11.1.2; zh_CN)',
  'connection' => 'keep-alive',
  'accept-encoding' => 'gzip',
)
[ info ] [ PARAM ] array (
  'token' => '665ac7c408058b55b2fde9c2ff66a298',
  'phone' => '18649738701',
)
[ info ] [ DB ] INIT mysql
[ info ] [ RUN ] app\api\controller\Bankcard->index[ /Users/mr_z/work/哆啦A/dla/dla/application/api/controller/Bankcard.php ]
[ info ] [ LOG ] INIT File
---------------------------------------------------------------
[ 2017-12-04T17:37:40+08:00 ] 192.168.0.119 192.168.0.115 GET /?s=./public/uploads/temporary/9f462f3c5bb513ecbc57c6a139009e4a.jpeg
[ info ] 192.168.0.119/?s=./public/uploads/temporary/9f462f3c5bb513ecbc57c6a139009e4a.jpeg [运行时间：0.485013s][吞吐率：2.06req/s] [内存消耗：1,687.40kb] [文件加载：40]
[ info ] [ LANG ] /Users/mr_z/work/哆啦A/dla/dla/thinkphp/lang/zh-cn.php
[ info ] [ ROUTE ] array (
  'type' => 'module',
  'module' => 
  array (
    0 => '.',
    1 => 'public',
    2 => 'uploads',
  ),
)
[ info ] [ HEADER ] array (
  'host' => '192.168.0.119',
  'accept' => 'image/png,image/svg+xml,image/*;q=0.8,*/*;q=0.5',
  'accept-language' => 'zh-cn',
  'connection' => 'keep-alive',
  'accept-encoding' => 'gzip, deflate',
  'user-agent' => 'Mozilla/5.0 (iPhone; CPU iPhone OS 11_1_2 like Mac OS X) AppleWebKit/604.3.5 (KHTML, like Gecko) Mobile/15B202',
)
[ info ] [ PARAM ] array (
  'temporary' => '9f462f3c5bb513ecbc57c6a139009e4a.jpeg',
)
[ info ] [ LOG ] INIT File
