---------------------------------------------------------------
[ 2017-12-06T10:03:34+08:00 ] 192.168.0.116 192.168.0.105 GET /?s=
[ info ] 192.168.0.116/?s= [运行时间：0.312472s][吞吐率：3.20req/s] [内存消耗：2,253.38kb] [文件加载：46]
[ info ] [ LANG ] /Users/mr_z/work/哆啦A/dla/dla/thinkphp/lang/zh-cn.php
[ info ] [ ROUTE ] array (
  'type' => 'module',
  'module' => 
  array (
    0 => '',
    1 => NULL,
    2 => NULL,
  ),
)
[ info ] [ HEADER ] array (
  'host' => '192.168.0.116',
  'connection' => 'keep-alive',
  'accept' => 'text/html,application/xhtml+xml,application/xml;q=0.9,image/webp,*/*;q=0.8',
  'upgrade-insecure-requests' => '1',
  'user-agent' => 'Mozilla/5.0 (Windows NT 6.1; WOW64) AppleWebKit/537.36 (KHTML, like Gecko) Chrome/49.0.2623.221 Safari/537.36 SE 2.X MetaSr 1.0',
  'dnt' => '1',
  'accept-encoding' => 'gzip, deflate, sdch',
  'accept-language' => 'zh-CN,zh;q=0.8',
)
[ info ] [ PARAM ] array (
)
[ info ] [ RUN ] app\api\controller\Core->index[ /Users/mr_z/work/哆啦A/dla/dla/application/api/controller/Core.php ]
[ info ] [ LOG ] INIT File
---------------------------------------------------------------
[ 2017-12-06T10:05:41+08:00 ] 192.168.0.116 192.168.0.106 POST /?s=api%2Flogin%2Fcheck
[ info ] 192.168.0.116/?s=api%2Flogin%2Fcheck [运行时间：0.409272s][吞吐率：2.44req/s] [内存消耗：3,412.45kb] [文件加载：55]
[ info ] [ LANG ] /Users/mr_z/work/哆啦A/dla/dla/thinkphp/lang/zh-cn.php
[ info ] [ ROUTE ] array (
  'type' => 'module',
  'module' => 
  array (
    0 => 'api',
    1 => 'login',
    2 => 'check',
  ),
)
[ info ] [ HEADER ] array (
  'charset' => 'UTF-8',
  'accept' => '*/*',
  'user-agent' => 'Mozilla/5.0 (Linux; Android 7.1.1; vivo X7 Build/NMF26F; wv) AppleWebKit/537.36 (KHTML, like Gecko) Version/4.0 Chrome/55.0.2883.91 Mobile Safari/537.36',
  'connection' => 'Keep-Alive',
  'accept-encoding' => 'gzip',
  'content-type' => 'application/x-www-form-urlencoded',
  'host' => '192.168.0.116',
  'content-length' => '33',
)
[ info ] [ PARAM ] array (
  'phone' => '18649738701',
  'password' => 'qwert.',
)
[ info ] [ RUN ] app\api\controller\Login->check[ /Users/mr_z/work/哆啦A/dla/dla/application/api/controller/Login.php ]
[ info ] [ DB ] INIT mysql
[ info ] [ LOG ] INIT File
---------------------------------------------------------------
[ 2017-12-06T10:44:52+08:00 ] 192.168.0.116 192.168.0.105 GET /
[ info ] 192.168.0.116/ [运行时间：0.371611s][吞吐率：2.69req/s] [内存消耗：2,251.70kb] [文件加载：46]
[ info ] [ LANG ] /Users/mr_z/work/哆啦A/dla/dla/thinkphp/lang/zh-cn.php
[ info ] [ ROUTE ] array (
  'type' => 'module',
  'module' => 
  array (
    0 => '',
    1 => NULL,
    2 => NULL,
  ),
)
[ info ] [ HEADER ] array (
  'host' => '192.168.0.116',
  'connection' => 'keep-alive',
  'accept' => 'text/html,application/xhtml+xml,application/xml;q=0.9,image/webp,*/*;q=0.8',
  'upgrade-insecure-requests' => '1',
  'user-agent' => 'Mozilla/5.0 (Windows NT 6.1; WOW64) AppleWebKit/537.36 (KHTML, like Gecko) Chrome/49.0.2623.221 Safari/537.36 SE 2.X MetaSr 1.0',
  'dnt' => '1',
  'accept-encoding' => 'gzip, deflate, sdch',
  'accept-language' => 'zh-CN,zh;q=0.8',
)
[ info ] [ PARAM ] array (
)
[ info ] [ RUN ] app\api\controller\Core->index[ /Users/mr_z/work/哆啦A/dla/dla/application/api/controller/Core.php ]
[ info ] [ LOG ] INIT File
